C51 COMPILER V9.00   INTERRUPT                                                             04/09/2016 11:58:53 PAGE 1   


C51 COMPILER V9.00, COMPILATION OF MODULE INTERRUPT
OBJECT MODULE PLACED IN interrupt.OBJ
COMPILER INVOKED BY: E:\Single-Chip-Microcomputer\Keil\C51\BIN\C51.EXE interrupt.c BROWSE DEBUG OBJECTEXTEND

line level    source

   1          #include "config.h"
   2          #include "max7219.h"
   3          #include "led.h"
   4          uchar count = 20;
   5          
   6          extern volatile uchar Sou_Nor_Red_Time;
   7          extern volatile uchar Sou_Nor_Green_Time;
   8          extern volatile uchar Sou_Nor_Yellow_Time;
   9          extern volatile uchar West_East_Yellow_Time;
  10          
  11          extern volatile uchar Sou_Nor_Red_Time_Temp;
  12          extern volatile uchar Sou_Nor_Green_Time_Temp;
  13          //系统在自动模式下
  14          //volatile uchar befor_stop_led_state = 0;//0表示南北红，1表示南北黄，2表示南北绿
  15          volatile uchar enter_stop_flag = 0;//紧急按钮标记，1表示已经触发
  16          volatile uchar car_flow_detection_flag = 0;//自动模式下循环一次（南北绿灯-南北黄灯-南北红灯-南北绿灯），
  17                                                                            //置为1，检测车流量
  18          //闯红灯标志                                                              
  19          volatile uchar s_n_stop_flag = 0;//南北红灯标志
  20          volatile uchar e_w_stop_flag = 0;//东西红灯标志
  21          
  22          volatile uchar cycle_nums = 0;/* 循环周期数目*/ 
  23          void display()
  24          {
  25   1              count--;
  26   1              if(count == 0) 
  27   1              {
  28   2                      count = 20;
  29   2                      //南北绿，东西红
  30   2                      if(Sou_Nor_Green_Time_Temp != 0XFF)//还没减到0，0-1-->0XFF
  31   2                      {
  32   3                              s_n_stop_flag = 0;
  33   3                              e_w_stop_flag = 1;      
  34   3                              numeric_led_display(1); 
  35   3                              Sou_Nor_Green_Time_Temp--;
  36   3                      }
  37   2                      //南北黄。东西红
  38   2                      else if(Sou_Nor_Yellow_Time != 0XFF)
  39   2                      {
  40   3                              s_n_stop_flag = 1;
  41   3                              e_w_stop_flag = 1;      
  42   3                              numeric_led_display(2);  
  43   3                              Sou_Nor_Yellow_Time--;  
  44   3                      }
  45   2                      //南北红，东西绿
  46   2                      else if(Sou_Nor_Red_Time_Temp != 0XFF)
  47   2                      {
  48   3                              s_n_stop_flag = 1;
  49   3                              e_w_stop_flag = 0;       
  50   3                              numeric_led_display(3);  
  51   3                              Sou_Nor_Red_Time_Temp--;
  52   3                      }
  53   2                      //南北红，东西黄
  54   2                      else if(West_East_Yellow_Time != 0XFF)
  55   2                      {
C51 COMPILER V9.00   INTERRUPT                                                             04/09/2016 11:58:53 PAGE 2   

  56   3                              s_n_stop_flag = 1;
  57   3                              e_w_stop_flag = 1;
  58   3                              numeric_led_display(4);
  59   3                              West_East_Yellow_Time--;        
  60   3                      }
  61   2                      //重新计数
  62   2                      if((Sou_Nor_Green_Time_Temp==0XFF) && (Sou_Nor_Yellow_Time==0XFF) && (Sou_Nor_Red_Time_Temp==0XFF) && (W
             -est_East_Yellow_Time==0XFF))
  63   2                      {
  64   3                              s_n_stop_flag = 0;
  65   3                              e_w_stop_flag = 0;
  66   3      
  67   3                              Sou_Nor_Green_Time_Temp =  Sou_Nor_Green_Time;
  68   3                              Sou_Nor_Yellow_Time = 2;        
  69   3                              West_East_Yellow_Time = 2;
  70   3                              Sou_Nor_Red_Time_Temp = Sou_Nor_Red_Time;
  71   3      
  72   3                              cycle_nums++;//一个红绿灯周期达到
  73   3                              car_flow_detection_flag = 1;//打开车流量检测标记
  74   3                      }
  75   2              }
  76   1      }
  77          
  78          void int0() interrupt 0//外部中断INT0，对于特殊车总的车辆（120,110,119）等，禁止其他车辆通行信号
  79          {
  80   1              enter_stop_flag = 1;
  81   1      }
  82          void timer0() interrupt 1//定时器T0中断
  83          {
  84   1              TH0 = 0X4C;//方式一需要重新对定时器赋值
  85   1              TL0 = 0X00;
  86   1              display();
  87   1      }
  88          void int1() interrupt 2//外部中断INT1
  89          {
  90   1                      
  91   1      }
  92          


MODULE INFORMATION:   STATIC OVERLAYABLE
   CODE SIZE        =    209    ----
   CONSTANT SIZE    =   ----    ----
   XDATA SIZE       =   ----    ----
   PDATA SIZE       =   ----    ----
   DATA SIZE        =      6    ----
   IDATA SIZE       =   ----    ----
   BIT SIZE         =   ----    ----
END OF MODULE INFORMATION.


C51 COMPILATION COMPLETE.  0 WARNING(S),  0 ERROR(S)
