C51 COMPILER V9.00   LED                                                                   04/09/2016 11:58:53 PAGE 1   


C51 COMPILER V9.00, COMPILATION OF MODULE LED
OBJECT MODULE PLACED IN led.OBJ
COMPILER INVOKED BY: E:\Single-Chip-Microcomputer\Keil\C51\BIN\C51.EXE led.c BROWSE DEBUG OBJECTEXTEND

line level    source

   1          #include "config.h"
   2          #include "led.h"
   3          #include "max7219.h"
   4          extern volatile uchar Sou_Nor_Yellow_Time;
   5          extern volatile uchar West_East_Yellow_Time;
   6          extern volatile uchar Sou_Nor_Red_Time_Temp;
   7          extern volatile uchar Sou_Nor_Green_Time_Temp;
   8          void quit_led()
   9          {
  10   1              South_North_Red = 0;//熄灭
  11   1              South_North_Yellow = 0; 
  12   1              South_North_Green = 0;
  13   1      
  14   1              East_West_Red = 0;       
  15   1              East_West_Yellow = 0; 
  16   1              East_West_Green = 0;
  17   1              
  18   1              South_North_Footway_Red = 0;
  19   1              South_North_Footway_Green = 0;
  20   1              East_West_Footway_Red = 0;      
  21   1              East_West_Footway_Green = 0;
  22   1      }
  23          //初始化交通灯状态，以南北方向为准，首先为绿灯
  24          void init_led()
  25          {
  26   1              South_North_Red = 0;
  27   1              South_North_Yellow = 0; 
  28   1              South_North_Green = 1; 
  29   1      
  30   1              East_West_Red = 1;//亮   
  31   1              East_West_Yellow = 0; 
  32   1              East_West_Green = 0;
  33   1      
  34   1              South_North_Footway_Red = 1;//初始化时，南北方向绿灯亮，红灯熄灭
  35   1              South_North_Footway_Green = 0;
  36   1              East_West_Footway_Red = 0;      
  37   1              East_West_Footway_Green = 1;
  38   1      }
  39          //东南西北全部为红
  40          void all_led_red()
  41          {
  42   1              South_North_Red = 1;//亮
  43   1              South_North_Yellow = 0; 
  44   1              South_North_Green = 0; 
  45   1      
  46   1              East_West_Red = 1;//亮   
  47   1              East_West_Yellow = 0; 
  48   1              East_West_Green = 0;
  49   1      
  50   1              South_North_Footway_Red = 1;
  51   1              South_North_Footway_Green = 0;
  52   1              East_West_Footway_Red = 1;      
  53   1              East_West_Footway_Green = 0;
  54   1      }
  55          //数码管的显示
C51 COMPILER V9.00   LED                                                                   04/09/2016 11:58:53 PAGE 2   

  56          void numeric_led_display(uint flag)
  57          {
  58   1              switch(flag)
  59   1              {
  60   2                      case 1://南北绿灯亮时，东西方向为红灯，数码管显示
  61   2                      {
  62   3                              South_North_Red = 0;
  63   3                              South_North_Yellow = 0;
  64   3                              South_North_Green = 1;//绿灯亮 
  65   3                      
  66   3                              East_West_Red = 1;       
  67   3                              East_West_Yellow = 0; 
  68   3                              East_West_Green = 0;
  69   3      
  70   3                              South_North_Footway_Red = 1;//南北方向人行道绿灯亮、东西方向红灯亮
  71   3                              South_North_Footway_Green = 0;
  72   3                              East_West_Footway_Red = 0;      
  73   3                              East_West_Footway_Green = 1;
  74   3      
  75   3                              wr_max7219(Addr_Digit0,max7219_7led_code[Sou_Nor_Green_Time_Temp/10]);   
  76   3                              wr_max7219(Addr_Digit1,max7219_7led_code[Sou_Nor_Green_Time_Temp%10]);
  77   3                              wr_max7219(Addr_Digit2,max7219_7led_code[Sou_Nor_Green_Time_Temp/10]);   
  78   3                              wr_max7219(Addr_Digit3,max7219_7led_code[Sou_Nor_Green_Time_Temp%10]);
  79   3                              break;
  80   3                      }
  81   2                      case 2://南北黄灯亮5秒时，东西方向还是红灯，数码管显示
  82   2                      {
  83   3                              South_North_Red = 0;
  84   3                              South_North_Yellow = 1;//南北黄灯亮 
  85   3                              South_North_Green = 0; 
  86   3                      
  87   3                              East_West_Red = 1;       
  88   3                              East_West_Yellow = 0; 
  89   3                              East_West_Green = 0;
  90   3      
  91   3                              South_North_Footway_Red = 1;//南北方向人行道绿灯亮、东西方向红灯亮
  92   3                              South_North_Footway_Green = 0;
  93   3                              East_West_Footway_Red = 0;      
  94   3                              East_West_Footway_Green = 1;
  95   3      
  96   3                              wr_max7219(Addr_Digit0,max7219_7led_code[Sou_Nor_Yellow_Time/10]);       
  97   3                              wr_max7219(Addr_Digit1,max7219_7led_code[Sou_Nor_Yellow_Time%10]);
  98   3                              wr_max7219(Addr_Digit2,max7219_7led_code[Sou_Nor_Yellow_Time/10]);       
  99   3                              wr_max7219(Addr_Digit3,max7219_7led_code[Sou_Nor_Yellow_Time%10]);
 100   3                              break;
 101   3                      }
 102   2                      case 3://南北红灯亮时，东西方向为绿灯，数码管显示
 103   2                      {
 104   3                              South_North_Red = 1;//红灯亮
 105   3                              South_North_Yellow = 0; 
 106   3                              South_North_Green = 0; 
 107   3                              
 108   3                              East_West_Red = 0;       
 109   3                              East_West_Yellow = 0; 
 110   3                              East_West_Green = 1;
 111   3                                                                              
 112   3                          South_North_Footway_Red = 0;//东西方向人行道绿灯亮、南北方向红灯亮
 113   3                              South_North_Footway_Green = 1;
 114   3                              East_West_Footway_Red = 1;      
 115   3                              East_West_Footway_Green = 0;
 116   3                              wr_max7219(Addr_Digit0,max7219_7led_code[Sou_Nor_Red_Time_Temp/10]);     
 117   3                              wr_max7219(Addr_Digit1,max7219_7led_code[Sou_Nor_Red_Time_Temp%10]);
C51 COMPILER V9.00   LED                                                                   04/09/2016 11:58:53 PAGE 3   

 118   3                              wr_max7219(Addr_Digit2,max7219_7led_code[Sou_Nor_Red_Time_Temp/10]);     
 119   3                              wr_max7219(Addr_Digit3,max7219_7led_code[Sou_Nor_Red_Time_Temp%10]);
 120   3                              break;
 121   3                      }
 122   2                      case 4://南北红灯亮时，东西方向为黄灯，数码管显示
 123   2                      {
 124   3                              South_North_Red = 1;
 125   3                              South_North_Yellow = 0;
 126   3                              South_North_Green = 0; 
 127   3                      
 128   3                              East_West_Red = 0;       
 129   3                              East_West_Yellow = 1;//东西黄灯亮  
 130   3                              East_West_Green = 0;
 131   3      
 132   3                          South_North_Footway_Red = 0;//东西方向人行道绿灯亮、南北方向红灯亮
 133   3                              South_North_Footway_Green = 1;
 134   3                              East_West_Footway_Red = 1;      
 135   3                              East_West_Footway_Green = 0;
 136   3      
 137   3                              wr_max7219(Addr_Digit0,max7219_7led_code[West_East_Yellow_Time/10]);     
 138   3                              wr_max7219(Addr_Digit1,max7219_7led_code[West_East_Yellow_Time%10]);
 139   3                              wr_max7219(Addr_Digit2,max7219_7led_code[West_East_Yellow_Time/10]);     
 140   3                              wr_max7219(Addr_Digit3,max7219_7led_code[West_East_Yellow_Time%10]);
 141   3                              break;
 142   3                      }
 143   2                      default:
 144   2                              break;
 145   2              }
 146   1      }


MODULE INFORMATION:   STATIC OVERLAYABLE
   CODE SIZE        =    406    ----
   CONSTANT SIZE    =   ----    ----
   XDATA SIZE       =   ----    ----
   PDATA SIZE       =   ----    ----
   DATA SIZE        =   ----    ----
   IDATA SIZE       =   ----    ----
   BIT SIZE         =   ----    ----
END OF MODULE INFORMATION.


C51 COMPILATION COMPLETE.  0 WARNING(S),  0 ERROR(S)
