C51 COMPILER V9.00   MAX7219                                                               04/12/2016 21:21:40 PAGE 1   


C51 COMPILER V9.00, COMPILATION OF MODULE MAX7219
OBJECT MODULE PLACED IN max7219.OBJ
COMPILER INVOKED BY: E:\Single-Chip-Microcomputer\Keil\C51\BIN\C51.EXE max7219.c BROWSE DEBUG OBJECTEXTEND

line level    source

   1          #include <reg52.h>
   2          #include "max7219.h"
   3          #include "config.h"
   4          unsigned char code max7219_7led_code[18] = {0x7e,0x30,0x6d,0x79, //0-1-2-3
   5                                                                                  0x33,0x5b,0x5f,0x70, //4-5-6-7
   6                                                                                  0x7f,0x7b,0x01,0x4e, //8-9-"-"-E
   7                                                                                  0x37,0x0e,0x67,0x00}; //H-L-P-空白
   8          //max7219的初始化
   9          void init_max7219()
  10          {
  11   1              wr_max7219(Addr_Shutdowm,NormalOperation);
  12   1              wr_max7219(Addr_Scan_Limit,ScanDigit);
  13   1              wr_max7219(Addr_Intensity,DecodeDigit);
  14   1              wr_max7219(Addr_Decode_Mode,IntensityGrade); 
  15   1              wr_max7219(Addr_Digit0,0x00);    
  16   1              wr_max7219(Addr_Digit1,0x00);
  17   1              wr_max7219(Addr_Digit2,0x00);    
  18   1              wr_max7219(Addr_Digit3,0x00);
  19   1      }
  20          
  21          //max219寄存器写入值
  22          void wr_max7219(uchar addr,uchar dat)
  23          {
  24   1              uchar i;
  25   1              Max7219_Load=0;
  26   1              Max7219_Clk=0;
  27   1              for(i=0;i<8;i++)
  28   1              {
  29   2                      Max7219_Din = (bit)(addr&0x80);
  30   2                      addr=addr<<1;
  31   2                      Max7219_Clk=1;
  32   2                      Max7219_Clk=0;
  33   2              }
  34   1              for(i=0;i<8;i++)
  35   1              {
  36   2                      Max7219_Din=(bit)(dat&0x80);
  37   2                      dat=dat<<1;
  38   2                      Max7219_Clk=1;
  39   2                      Max7219_Clk=0;
  40   2              }
  41   1              Max7219_Load=1;
  42   1              Max7219_Load=0;
  43   1      }


MODULE INFORMATION:   STATIC OVERLAYABLE
   CODE SIZE        =    101    ----
   CONSTANT SIZE    =     18    ----
   XDATA SIZE       =   ----    ----
   PDATA SIZE       =   ----    ----
   DATA SIZE        =   ----    ----
   IDATA SIZE       =   ----    ----
   BIT SIZE         =   ----    ----
END OF MODULE INFORMATION.


C51 COMPILATION COMPLETE.  0 WARNING(S),  0 ERROR(S)
